app/build/intermediates/manifest_merge_blame_file/debug/processDebugMainManifest/manifest-merger-blame-debug-report.txt
1<?xml version="1.0" encoding="utf-8"?>
2<manifest xmlns:android="http://schemas.android.com/apk/res/android"
3    package="com.example.learnbymobile"
4    android:versionCode="1"
5    android:versionName="1.0" >
6
7    <uses-sdk
8        android:minSdkVersion="24"
9        android:targetSdkVersion="34" />
10
11    <permission
11-->[androidx.core:core:1.12.0] AndroidManifest.xml:22:5-24:47
12        android:name="com.example.learnbymobile.DYNAMIC_RECEIVER_NOT_EXPORTED_PERMISSION"
12-->[androidx.core:core:1.12.0] AndroidManifest.xml:23:9-81
13        android:protectionLevel="signature" />
13-->[androidx.core:core:1.12.0] AndroidManifest.xml:24:9-44
14
15    <uses-permission android:name="com.example.learnbymobile.DYNAMIC_RECEIVER_NOT_EXPORTED_PERMISSION" />
15-->[androidx.core:core:1.12.0] AndroidManifest.xml:26:5-97
15-->[androidx.core:core:1.12.0] AndroidManifest.xml:26:22-94
16
17    <application
17-->src\main\AndroidManifest.xml:5:5-93:19
18        android:allowBackup="true"
18-->src\main\AndroidManifest.xml:6:9-35
19        android:appComponentFactory="androidx.core.app.CoreComponentFactory"
19-->[androidx.core:core:1.12.0] AndroidManifest.xml:28:18-86
20        android:dataExtractionRules="@xml/data_extraction_rules"
20-->src\main\AndroidManifest.xml:7:9-65
21        android:debuggable="true"
22        android:extractNativeLibs="false"
23        android:fullBackupContent="@xml/backup_rules"
23-->src\main\AndroidManifest.xml:8:9-54
24        android:icon="@mipmap/logo"
24-->src\main\AndroidManifest.xml:9:9-36
25        android:label="@string/app_name"
25-->src\main\AndroidManifest.xml:10:9-41
26        android:roundIcon="@mipmap/logo_round"
26-->src\main\AndroidManifest.xml:11:9-47
27        android:supportsRtl="true"
27-->src\main\AndroidManifest.xml:12:9-35
28        android:theme="@style/Theme.LangLearn.Starting" >
28-->src\main\AndroidManifest.xml:13:9-56
29        <activity
29-->src\main\AndroidManifest.xml:15:9-18:53
30            android:name="com.example.learnbymobile.ChangePhotoActivity"
30-->src\main\AndroidManifest.xml:16:13-48
31            android:exported="false"
31-->src\main\AndroidManifest.xml:17:13-37
32            android:theme="@style/Theme.LangLearn" />
32-->src\main\AndroidManifest.xml:18:13-51
33        <activity
33-->src\main\AndroidManifest.xml:19:9-22:54
34            android:name="com.example.learnbymobile.GameActivity"
34-->src\main\AndroidManifest.xml:20:13-41
35            android:exported="false"
35-->src\main\AndroidManifest.xml:21:13-37
36            android:theme="@style/Theme.LangLearn" />
36-->src\main\AndroidManifest.xml:22:13-51
37        <activity
37-->src\main\AndroidManifest.xml:23:9-26:54
38            android:name="com.example.learnbymobile.WordsActivity"
38-->src\main\AndroidManifest.xml:24:13-42
39            android:exported="false"
39-->src\main\AndroidManifest.xml:25:13-37
40            android:theme="@style/Theme.LangLearn" />
40-->src\main\AndroidManifest.xml:26:13-51
41        <activity
41-->src\main\AndroidManifest.xml:27:9-30:54
42            android:name="com.example.learnbymobile.NoConnectionActivity"
42-->src\main\AndroidManifest.xml:28:13-49
43            android:exported="false"
43-->src\main\AndroidManifest.xml:29:13-37
44            android:theme="@style/Theme.LangLearn" />
44-->src\main\AndroidManifest.xml:30:13-51
45        <activity
45-->src\main\AndroidManifest.xml:31:9-34:54
46            android:name="com.example.learnbymobile.AuditionIncorrectActivity"
46-->src\main\AndroidManifest.xml:32:13-54
47            android:exported="false"
47-->src\main\AndroidManifest.xml:33:13-37
48            android:theme="@style/Theme.LangLearn" />
48-->src\main\AndroidManifest.xml:34:13-51
49        <activity
49-->src\main\AndroidManifest.xml:35:9-38:54
50            android:name="com.example.learnbymobile.AuditionCorrectActivity"
50-->src\main\AndroidManifest.xml:36:13-52
51            android:exported="false"
51-->src\main\AndroidManifest.xml:37:13-37
52            android:theme="@style/Theme.LangLearn" />
52-->src\main\AndroidManifest.xml:38:13-51
53        <activity
53-->src\main\AndroidManifest.xml:39:9-42:54
54            android:name="com.example.learnbymobile.AuditionActivity"
54-->src\main\AndroidManifest.xml:40:13-45
55            android:exported="false"
55-->src\main\AndroidManifest.xml:41:13-37
56            android:theme="@style/Theme.LangLearn" />
56-->src\main\AndroidManifest.xml:42:13-51
57        <activity
57-->src\main\AndroidManifest.xml:43:9-46:54
58            android:name="com.example.learnbymobile.AnimalsIFalse"
58-->src\main\AndroidManifest.xml:44:13-42
59            android:exported="false"
59-->src\main\AndroidManifest.xml:45:13-37
60            android:theme="@style/Theme.LangLearn" />
60-->src\main\AndroidManifest.xml:46:13-51
61        <activity
61-->src\main\AndroidManifest.xml:47:9-50:54
62            android:name="com.example.learnbymobile.AnimalsTrue"
62-->src\main\AndroidManifest.xml:48:13-40
63            android:exported="false"
63-->src\main\AndroidManifest.xml:49:13-37
64            android:theme="@style/Theme.LangLearn" />
64-->src\main\AndroidManifest.xml:50:13-51
65        <activity
65-->src\main\AndroidManifest.xml:51:9-54:54
66            android:name="com.example.learnbymobile.Animals"
66-->src\main\AndroidManifest.xml:52:13-36
67            android:exported="false"
67-->src\main\AndroidManifest.xml:53:13-37
68            android:theme="@style/Theme.LangLearn" />
68-->src\main\AndroidManifest.xml:54:13-51
69        <activity
69-->src\main\AndroidManifest.xml:55:9-58:54
70            android:name="com.example.learnbymobile.ProfileActivity"
70-->src\main\AndroidManifest.xml:56:13-44
71            android:exported="false"
71-->src\main\AndroidManifest.xml:57:13-37
72            android:theme="@style/Theme.LangLearn" />
72-->src\main\AndroidManifest.xml:58:13-51
73        <activity
73-->src\main\AndroidManifest.xml:59:9-62:54
74            android:name="com.example.learnbymobile.HomeActivity"
74-->src\main\AndroidManifest.xml:60:13-41
75            android:exported="false"
75-->src\main\AndroidManifest.xml:61:13-37
76            android:theme="@style/Theme.LangLearn" />
76-->src\main\AndroidManifest.xml:62:13-51
77        <activity
77-->src\main\AndroidManifest.xml:63:9-66:54
78            android:name="com.example.learnbymobile.LanguageSelector"
78-->src\main\AndroidManifest.xml:64:13-45
79            android:exported="false"
79-->src\main\AndroidManifest.xml:65:13-37
80            android:theme="@style/Theme.LangLearn" />
80-->src\main\AndroidManifest.xml:66:13-51
81        <activity
81-->src\main\AndroidManifest.xml:67:9-70:54
82            android:name="com.example.learnbymobile.Confirm"
82-->src\main\AndroidManifest.xml:68:13-36
83            android:exported="false"
83-->src\main\AndroidManifest.xml:69:13-37
84            android:theme="@style/Theme.LangLearn" />
84-->src\main\AndroidManifest.xml:70:13-51
85        <activity
85-->src\main\AndroidManifest.xml:71:9-74:54
86            android:name="com.example.learnbymobile.Signup"
86-->src\main\AndroidManifest.xml:72:13-35
87            android:exported="false"
87-->src\main\AndroidManifest.xml:73:13-37
88            android:theme="@style/Theme.LangLearn" />
88-->src\main\AndroidManifest.xml:74:13-51
89        <activity
89-->src\main\AndroidManifest.xml:75:9-78:54
90            android:name="com.example.learnbymobile.LoginActivity"
90-->src\main\AndroidManifest.xml:76:13-42
91            android:exported="false"
91-->src\main\AndroidManifest.xml:77:13-37
92            android:theme="@style/Theme.LangLearn" />
92-->src\main\AndroidManifest.xml:78:13-51
93        <activity
93-->src\main\AndroidManifest.xml:79:9-82:54
94            android:name="com.example.learnbymobile.OnboardingActivity"
94-->src\main\AndroidManifest.xml:80:13-47
95            android:exported="false"
95-->src\main\AndroidManifest.xml:81:13-37
96            android:theme="@style/Theme.LangLearn" />
96-->src\main\AndroidManifest.xml:82:13-51
97        <activity
97-->src\main\AndroidManifest.xml:83:9-92:20
98            android:name="com.example.learnbymobile.MainActivity"
98-->src\main\AndroidManifest.xml:84:13-41
99            android:exported="true"
99-->src\main\AndroidManifest.xml:85:13-36
100            android:theme="@style/Theme.LangLearn.Starting" >
100-->src\main\AndroidManifest.xml:86:13-60
101            <intent-filter>
101-->src\main\AndroidManifest.xml:87:13-91:29
102                <action android:name="android.intent.action.MAIN" />
102-->src\main\AndroidManifest.xml:88:17-69
102-->src\main\AndroidManifest.xml:88:25-66
103
104                <category android:name="android.intent.category.LAUNCHER" />
104-->src\main\AndroidManifest.xml:90:17-77
104-->src\main\AndroidManifest.xml:90:27-74
105            </intent-filter>
106        </activity>
107
108        <provider
108-->[androidx.emoji2:emoji2:1.2.0] AndroidManifest.xml:24:9-32:20
109            android:name="androidx.startup.InitializationProvider"
109-->[androidx.emoji2:emoji2:1.2.0] AndroidManifest.xml:25:13-67
110            android:authorities="com.example.learnbymobile.androidx-startup"
110-->[androidx.emoji2:emoji2:1.2.0] AndroidManifest.xml:26:13-68
111            android:exported="false" >
111-->[androidx.emoji2:emoji2:1.2.0] AndroidManifest.xml:27:13-37
112            <meta-data
112-->[androidx.emoji2:emoji2:1.2.0] AndroidManifest.xml:29:13-31:52
113                android:name="androidx.emoji2.text.EmojiCompatInitializer"
113-->[androidx.emoji2:emoji2:1.2.0] AndroidManifest.xml:30:17-75
114                android:value="androidx.startup" />
114-->[androidx.emoji2:emoji2:1.2.0] AndroidManifest.xml:31:17-49
115            <meta-data
115-->[androidx.lifecycle:lifecycle-process:2.6.1] AndroidManifest.xml:29:13-31:52
116                android:name="androidx.lifecycle.ProcessLifecycleInitializer"
116-->[androidx.lifecycle:lifecycle-process:2.6.1] AndroidManifest.xml:30:17-78
117                android:value="androidx.startup" />
117-->[androidx.lifecycle:lifecycle-process:2.6.1] AndroidManifest.xml:31:17-49
118            <meta-data
118-->[androidx.profileinstaller:profileinstaller:1.3.0] AndroidManifest.xml:29:13-31:52
119                android:name="androidx.profileinstaller.ProfileInstallerInitializer"
119-->[androidx.profileinstaller:profileinstaller:1.3.0] AndroidManifest.xml:30:17-85
120                android:value="androidx.startup" />
120-->[androidx.profileinstaller:profileinstaller:1.3.0] AndroidManifest.xml:31:17-49
121        </provider>
122        <provider
122-->[com.squareup.picasso:picasso:2.8] AndroidManifest.xml:8:9-11:40
123            android:name="com.squareup.picasso.PicassoProvider"
123-->[com.squareup.picasso:picasso:2.8] AndroidManifest.xml:9:13-64
124            android:authorities="com.example.learnbymobile.com.squareup.picasso"
124-->[com.squareup.picasso:picasso:2.8] AndroidManifest.xml:10:13-72
125            android:exported="false" />
125-->[com.squareup.picasso:picasso:2.8] AndroidManifest.xml:11:13-37
126
127        <receiver
127-->[androidx.profileinstaller:profileinstaller:1.3.0] AndroidManifest.xml:34:9-52:20
128            android:name="androidx.profileinstaller.ProfileInstallReceiver"
128-->[androidx.profileinstaller:profileinstaller:1.3.0] AndroidManifest.xml:35:13-76
129            android:directBootAware="false"
129-->[androidx.profileinstaller:profileinstaller:1.3.0] AndroidManifest.xml:36:13-44
130            android:enabled="true"
130-->[androidx.profileinstaller:profileinstaller:1.3.0] AndroidManifest.xml:37:13-35
131            android:exported="true"
131-->[androidx.profileinstaller:profileinstaller:1.3.0] AndroidManifest.xml:38:13-36
132            android:permission="android.permission.DUMP" >
132-->[androidx.profileinstaller:profileinstaller:1.3.0] AndroidManifest.xml:39:13-57
133            <intent-filter>
133-->[androidx.profileinstaller:profileinstaller:1.3.0] AndroidManifest.xml:40:13-42:29
134                <action android:name="androidx.profileinstaller.action.INSTALL_PROFILE" />
134-->[androidx.profileinstaller:profileinstaller:1.3.0] AndroidManifest.xml:41:17-91
134-->[androidx.profileinstaller:profileinstaller:1.3.0] AndroidManifest.xml:41:25-88
135            </intent-filter>
136            <intent-filter>
136-->[androidx.profileinstaller:profileinstaller:1.3.0] AndroidManifest.xml:43:13-45:29
137                <action android:name="androidx.profileinstaller.action.SKIP_FILE" />
137-->[androidx.profileinstaller:profileinstaller:1.3.0] AndroidManifest.xml:44:17-85
137-->[androidx.profileinstaller:profileinstaller:1.3.0] AndroidManifest.xml:44:25-82
138            </intent-filter>
139            <intent-filter>
139-->[androidx.profileinstaller:profileinstaller:1.3.0] AndroidManifest.xml:46:13-48:29
140                <action android:name="androidx.profileinstaller.action.SAVE_PROFILE" />
140-->[androidx.profileinstaller:profileinstaller:1.3.0] AndroidManifest.xml:47:17-88
140-->[androidx.profileinstaller:profileinstaller:1.3.0] AndroidManifest.xml:47:25-85
141            </intent-filter>
142            <intent-filter>
142-->[androidx.profileinstaller:profileinstaller:1.3.0] AndroidManifest.xml:49:13-51:29
143                <action android:name="androidx.profileinstaller.action.BENCHMARK_OPERATION" />
143-->[androidx.profileinstaller:profileinstaller:1.3.0] AndroidManifest.xml:50:17-95
143-->[androidx.profileinstaller:profileinstaller:1.3.0] AndroidManifest.xml:50:25-92
144            </intent-filter>
145        </receiver>
146    </application>
147
148</manifest>